2026-02-24T06:33:32.952+04:00  WARN 55632 --- [carservices] [HikariPool-13 housekeeper] com.zaxxer.hikari.pool.HikariPool        : HikariPool-13 - Thread starvation or clock leap detected (housekeeper delta=7h3m42s139ms280µs100ns).
2026-02-24T08:51:16.479+04:00  WARN 55632 --- [carservices] [HikariPool-13 housekeeper] com.zaxxer.hikari.pool.HikariPool        : HikariPool-13 - Thread starvation or clock leap detected (housekeeper delta=27m4s387ms355µs).
2026-02-24T13:30:55.151+04:00  INFO 55632 --- [carservices] [http-nio-8081-exec-9] p6spy                                    : #1771925455142 | took 474ms | statement | connection 319| url jdbc:p6spy:postgresql://localhost:5433/testdb
    SELECT
        c.company_id                        AS company_id,
        c.company_name                      AS company_name,
        b.branch_id                         AS branch_id,
        b.branch_name                       AS branch_name,
        COALESCE(SUM(ls.price), 0)          AS total_earning,
        MAX(ls.currency)                    AS currency
    FROM reservation_service_request r
    JOIN branch b
      ON b.branch_id = r.branch_id
    JOIN company c
      ON c.company_id = b.company_id
    JOIN lmps_service ls
      ON ls.service_id = r.service_id
     AND ls.city_id = b.city_id
     AND LOWER(COALESCE(ls.status,'')) = 'active'
    WHERE LOWER(COALESCE(r.reservation_status,'')) = 'completed'
      AND EXTRACT(MONTH FROM r.reservation_date) = ?
      AND EXTRACT(YEAR  FROM r.reservation_date) = ?
    GROUP BY
        c.company_id, c.company_name,
        b.branch_id, b.branch_name
    ORDER BY b.branch_id

    SELECT
        c.company_id                        AS company_id,
        c.company_name                      AS company_name,
        b.branch_id                         AS branch_id,
        b.branch_name                       AS branch_name,
        COALESCE(SUM(ls.price), 0)          AS total_earning,
        MAX(ls.currency)                    AS currency
    FROM reservation_service_request r
    JOIN branch b
      ON b.branch_id = r.branch_id
    JOIN company c
      ON c.company_id = b.company_id
    JOIN lmps_service ls
      ON ls.service_id = r.service_id
     AND ls.city_id = b.city_id
     AND LOWER(COALESCE(ls.status,'')) = 'active'
    WHERE LOWER(COALESCE(r.reservation_status,'')) = 'completed'
      AND EXTRACT(MONTH FROM r.reservation_date) = 1
      AND EXTRACT(YEAR  FROM r.reservation_date) = 2026
    GROUP BY
        c.company_id, c.company_name,
        b.branch_id, b.branch_name
    ORDER BY b.branch_id
;
2026-02-24T13:30:58.081+04:00 DEBUG 55632 --- [carservices] [http-nio-8081-exec-9] org.hibernate.SQL                        : 
    select
        ps1_0.id,
        ps1_0.branch_id,
        ps1_0.branch_name,
        ps1_0.company_id,
        ps1_0.company_name,
        ps1_0.currency,
        ps1_0.month,
        ps1_0.status,
        ps1_0.total_comission,
        ps1_0.total_earning,
        ps1_0.year 
    from
        payment_services ps1_0 
    where
        ps1_0.branch_id=? 
        and ps1_0.month=? 
        and ps1_0.year=?
2026-02-24T13:30:58.094+04:00 TRACE 55632 --- [carservices] [http-nio-8081-exec-9] org.hibernate.orm.jdbc.bind              : binding parameter (1:BIGINT) <- [1]
2026-02-24T13:30:58.096+04:00 TRACE 55632 --- [carservices] [http-nio-8081-exec-9] org.hibernate.orm.jdbc.bind              : binding parameter (2:INTEGER) <- [1]
2026-02-24T13:30:58.096+04:00 TRACE 55632 --- [carservices] [http-nio-8081-exec-9] org.hibernate.orm.jdbc.bind              : binding parameter (3:INTEGER) <- [2026]
2026-02-24T13:30:58.118+04:00  INFO 55632 --- [carservices] [http-nio-8081-exec-9] p6spy                                    : #1771925458117 | took 21ms | statement | connection 319| url jdbc:p6spy:postgresql://localhost:5433/testdb
select ps1_0.id,ps1_0.branch_id,ps1_0.branch_name,ps1_0.company_id,ps1_0.company_name,ps1_0.currency,ps1_0.month,ps1_0.status,ps1_0.total_comission,ps1_0.total_earning,ps1_0.year from payment_services ps1_0 where ps1_0.branch_id=? and ps1_0.month=? and ps1_0.year=?
select ps1_0.id,ps1_0.branch_id,ps1_0.branch_name,ps1_0.company_id,ps1_0.company_name,ps1_0.currency,ps1_0.month,ps1_0.status,ps1_0.total_comission,ps1_0.total_earning,ps1_0.year from payment_services ps1_0 where ps1_0.branch_id=1 and ps1_0.month=1 and ps1_0.year=2026;
2026-02-24T13:30:58.275+04:00  INFO 55632 --- [carservices] [http-nio-8081-exec-9] p6spy                                    : #1771925458275 | took 3ms | commit | connection 319| url jdbc:p6spy:postgresql://localhost:5433/testdb

;
2026-02-24T13:39:41.367+04:00  INFO 55632 --- [carservices] [File Watcher] rtingClassPathChangeChangedEventListener : Restarting due to 4 class path changes (0 additions, 0 deletions, 4 modifications)
2026-02-24T13:39:41.540+04:00  INFO 55632 --- [carservices] [Thread-50] o.s.b.w.e.tomcat.GracefulShutdown        : Commencing graceful shutdown. Waiting for active requests to complete
2026-02-24T13:39:41.611+04:00  INFO 55632 --- [carservices] [tomcat-shutdown] o.s.b.w.e.tomcat.GracefulShutdown        : Graceful shutdown complete
2026-02-24T13:39:41.684+04:00  INFO 55632 --- [carservices] [Thread-50] j.LocalContainerEntityManagerFactoryBean : Closing JPA EntityManagerFactory for persistence unit 'default'
2026-02-24T13:39:41.734+04:00  INFO 55632 --- [carservices] [Thread-50] com.zaxxer.hikari.HikariDataSource       : HikariPool-13 - Shutdown initiated...
2026-02-24T13:39:41.798+04:00  INFO 55632 --- [carservices] [Thread-50] com.zaxxer.hikari.HikariDataSource       : HikariPool-13 - Shutdown completed.
2026-02-24T13:39:42.830+04:00  INFO 55632 --- [carservices] [restartedMain] c.c.carservices.CarservicesApplication   : Starting CarservicesApplication using Java 21.0.7 with PID 55632 (C:\Grand BackUp\Sheikh-2\Private\Sheikhkashifiqbal\temp\Spare Parts Project\SpringBoot\car-dev-1\carservices\target\classes started by lenovo in C:\Grand BackUp\Sheikh-2\Private\Sheikhkashifiqbal\temp\Spare Parts Project\SpringBoot\car-dev-1\carservices)
2026-02-24T13:39:42.833+04:00  INFO 55632 --- [carservices] [restartedMain] c.c.carservices.CarservicesApplication   : No active profile set, falling back to 1 default profile: "default"
2026-02-24T13:39:44.926+04:00  INFO 55632 --- [carservices] [restartedMain] .s.d.r.c.RepositoryConfigurationDelegate : Bootstrapping Spring Data JPA repositories in DEFAULT mode.
2026-02-24T13:39:45.310+04:00  INFO 55632 --- [carservices] [restartedMain] .s.d.r.c.RepositoryConfigurationDelegate : Finished Spring Data repository scanning in 380 ms. Found 46 JPA repository interfaces.
2026-02-24T13:39:46.216+04:00  INFO 55632 --- [carservices] [restartedMain] o.s.b.w.embedded.tomcat.TomcatWebServer  : Tomcat initialized with port 8081 (http)
2026-02-24T13:39:46.222+04:00  INFO 55632 --- [carservices] [restartedMain] o.apache.catalina.core.StandardService   : Starting service [Tomcat]
2026-02-24T13:39:46.222+04:00  INFO 55632 --- [carservices] [restartedMain] o.apache.catalina.core.StandardEngine    : Starting Servlet engine: [Apache Tomcat/10.1.40]
2026-02-24T13:39:46.268+04:00  INFO 55632 --- [carservices] [restartedMain] o.a.c.c.C.[Tomcat-1].[localhost].[/]     : Initializing Spring embedded WebApplicationContext
2026-02-24T13:39:46.268+04:00  INFO 55632 --- [carservices] [restartedMain] w.s.c.ServletWebServerApplicationContext : Root WebApplicationContext: initialization completed in 3419 ms
2026-02-24T13:39:46.496+04:00  INFO 55632 --- [carservices] [restartedMain] o.hibernate.jpa.internal.util.LogHelper  : HHH000204: Processing PersistenceUnitInfo [name: default]
2026-02-24T13:39:46.503+04:00  INFO 55632 --- [carservices] [restartedMain] o.h.c.internal.RegionFactoryInitiator    : HHH000026: Second-level cache disabled
2026-02-24T13:39:46.558+04:00  INFO 55632 --- [carservices] [restartedMain] o.s.o.j.p.SpringPersistenceUnitInfo      : No LoadTimeWeaver setup: ignoring JPA class transformer
2026-02-24T13:39:46.562+04:00  INFO 55632 --- [carservices] [restartedMain] com.zaxxer.hikari.HikariDataSource       : HikariPool-14 - Starting...
2026-02-24T13:39:46.669+04:00  INFO 55632 --- [carservices] [restartedMain] com.zaxxer.hikari.pool.HikariPool        : HikariPool-14 - Added connection com.p6spy.engine.wrapper.ConnectionWrapper@a832448
2026-02-24T13:39:46.669+04:00  INFO 55632 --- [carservices] [restartedMain] com.zaxxer.hikari.HikariDataSource       : HikariPool-14 - Start completed.
2026-02-24T13:39:46.704+04:00  WARN 55632 --- [carservices] [restartedMain] org.hibernate.orm.deprecation            : HHH90000025: PostgreSQLDialect does not need to be specified explicitly using 'hibernate.dialect' (remove the property setting and it will be selected by default)
2026-02-24T13:39:46.704+04:00  INFO 55632 --- [carservices] [restartedMain] org.hibernate.orm.connections.pooling    : HHH10001005: Database info:
	Database JDBC URL [Connecting through datasource 'HikariDataSource (HikariPool-14)']
	Database driver: undefined/unknown
	Database version: 17.5
	Autocommit mode: undefined/unknown
	Isolation level: undefined/unknown
	Minimum pool size: undefined/unknown
	Maximum pool size: undefined/unknown
2026-02-24T13:39:47.642+04:00  INFO 55632 --- [carservices] [restartedMain] o.h.e.t.j.p.i.JtaPlatformInitiator       : HHH000489: No JTA platform available (set 'hibernate.transaction.jta.platform' to enable JTA platform integration)
2026-02-24T13:39:47.718+04:00  INFO 55632 --- [carservices] [restartedMain] p6spy                                    : #1771925987718 | took 58ms | statement | connection 329| url jdbc:p6spy:postgresql://localhost:5433/testdb
select * from information_schema.sequences
select * from information_schema.sequences;
2026-02-24T13:39:47.862+04:00  INFO 55632 --- [carservices] [restartedMain] t.s.e.i.AbstractInformationExtractorImpl : HHH000475: Cannot locate column information using identifier [lower((manager_email)::text)]; ignoring index [ux_company_manager_email]
2026-02-24T13:39:47.988+04:00  INFO 55632 --- [carservices] [restartedMain] p6spy                                    : #1771925987988 | took 7ms | statement | connection 329| url jdbc:p6spy:postgresql://localhost:5433/testdb
select * from "public"."city" where 1=0
select * from "public"."city" where 1=0;
2026-02-24T13:39:48.001+04:00  INFO 55632 --- [carservices] [restartedMain] p6spy                                    : #1771925988001 | took 7ms | statement | connection 329| url jdbc:p6spy:postgresql://localhost:5433/testdb
select * from "public"."company" where 1=0
select * from "public"."company" where 1=0;
2026-02-24T13:39:48.086+04:00  INFO 55632 --- [carservices] [restartedMain] p6spy                                    : #1771925988086 | took 5ms | statement | connection 329| url jdbc:p6spy:postgresql://localhost:5433/testdb
select * from "public"."branch" where 1=0
select * from "public"."branch" where 1=0;
2026-02-24T13:39:48.095+04:00  INFO 55632 --- [carservices] [restartedMain] p6spy                                    : #1771925988095 | took 3ms | statement | connection 329| url jdbc:p6spy:postgresql://localhost:5433/testdb
select * from "public"."brand" where 1=0
select * from "public"."brand" where 1=0;
2026-02-24T13:39:48.104+04:00  INFO 55632 --- [carservices] [restartedMain] p6spy                                    : #1771925988104 | took 4ms | statement | connection 329| url jdbc:p6spy:postgresql://localhost:5433/testdb
select * from "public"."service_entity" where 1=0
select * from "public"."service_entity" where 1=0;
2026-02-24T13:39:48.181+04:00  INFO 55632 --- [carservices] [restartedMain] p6spy                                    : #1771925988181 | took 0ms | statement | connection 329| url jdbc:p6spy:postgresql://localhost:5433/testdb
select * from "public"."branch" where 1=0
select * from "public"."branch" where 1=0;
2026-02-24T13:39:48.182+04:00  INFO 55632 --- [carservices] [restartedMain] p6spy                                    : #1771925988182 | took 0ms | statement | connection 329| url jdbc:p6spy:postgresql://localhost:5433/testdb
select * from "public"."brand" where 1=0
select * from "public"."brand" where 1=0;
2026-02-24T13:39:48.188+04:00  INFO 55632 --- [carservices] [restartedMain] p6spy                                    : #1771925988188 | took 3ms | statement | connection 329| url jdbc:p6spy:postgresql://localhost:5433/testdb
select * from "public"."spare_parts" where 1=0
select * from "public"."spare_parts" where 1=0;
2026-02-24T13:39:48.276+04:00  INFO 55632 --- [carservices] [restartedMain] p6spy                                    : #1771925988276 | took 0ms | statement | connection 329| url jdbc:p6spy:postgresql://localhost:5433/testdb
select * from "public"."brand" where 1=0
select * from "public"."brand" where 1=0;
2026-02-24T13:39:48.363+04:00  INFO 55632 --- [carservices] [restartedMain] p6spy                                    : #1771925988363 | took 0ms | statement | connection 329| url jdbc:p6spy:postgresql://localhost:5433/testdb
select * from "public"."brand" where 1=0
select * from "public"."brand" where 1=0;
2026-02-24T13:39:48.375+04:00  INFO 55632 --- [carservices] [restartedMain] p6spy                                    : #1771925988375 | took 16ms | statement | connection 329| url jdbc:p6spy:postgresql://localhost:5433/testdb
select * from "public"."user_registration" where 1=0
select * from "public"."user_registration" where 1=0;
2026-02-24T13:39:48.473+04:00  INFO 55632 --- [carservices] [restartedMain] p6spy                                    : #1771925988473 | took 0ms | statement | connection 329| url jdbc:p6spy:postgresql://localhost:5433/testdb
select * from "public"."city" where 1=0
select * from "public"."city" where 1=0;
2026-02-24T13:39:48.475+04:00  INFO 55632 --- [carservices] [restartedMain] p6spy                                    : #1771925988475 | took 0ms | statement | connection 329| url jdbc:p6spy:postgresql://localhost:5433/testdb
select * from "public"."service_entity" where 1=0
select * from "public"."service_entity" where 1=0;
2026-02-24T13:39:48.548+04:00  INFO 55632 --- [carservices] [restartedMain] p6spy                                    : #1771925988548 | took 0ms | statement | connection 329| url jdbc:p6spy:postgresql://localhost:5433/testdb
select * from "public"."spare_parts" where 1=0
select * from "public"."spare_parts" where 1=0;
2026-02-24T13:39:48.639+04:00  INFO 55632 --- [carservices] [restartedMain] p6spy                                    : #1771925988639 | took 0ms | statement | connection 329| url jdbc:p6spy:postgresql://localhost:5433/testdb
select * from "public"."company" where 1=0
select * from "public"."company" where 1=0;
2026-02-24T13:39:48.733+04:00  INFO 55632 --- [carservices] [restartedMain] p6spy                                    : #1771925988733 | took 2ms | statement | connection 329| url jdbc:p6spy:postgresql://localhost:5433/testdb
select * from "public"."problem" where 1=0
select * from "public"."problem" where 1=0;
2026-02-24T13:39:48.805+04:00  INFO 55632 --- [carservices] [restartedMain] p6spy                                    : #1771925988805 | took 0ms | statement | connection 329| url jdbc:p6spy:postgresql://localhost:5433/testdb
select * from "public"."branch" where 1=0
select * from "public"."branch" where 1=0;
2026-02-24T13:39:48.805+04:00  INFO 55632 --- [carservices] [restartedMain] j.LocalContainerEntityManagerFactoryBean : Initialized JPA EntityManagerFactory for persistence unit 'default'
2026-02-24T13:39:50.577+04:00  WARN 55632 --- [carservices] [restartedMain] JpaBaseConfiguration$JpaWebConfiguration : spring.jpa.open-in-view is enabled by default. Therefore, database queries may be performed during view rendering. Explicitly configure spring.jpa.open-in-view to disable this warning
2026-02-24T13:39:50.868+04:00  INFO 55632 --- [carservices] [restartedMain] o.s.b.a.h2.H2ConsoleAutoConfiguration    : H2 console available at '/h2-console'. Database available at 'jdbc:postgresql://localhost:5433/testdb'
2026-02-24T13:39:50.909+04:00  INFO 55632 --- [carservices] [restartedMain] o.s.b.d.a.OptionalLiveReloadServer       : LiveReload server is running on port 35729
2026-02-24T13:39:50.934+04:00  INFO 55632 --- [carservices] [restartedMain] o.s.b.w.embedded.tomcat.TomcatWebServer  : Tomcat started on port 8081 (http) with context path '/'
2026-02-24T13:39:50.941+04:00  INFO 55632 --- [carservices] [restartedMain] c.c.carservices.CarservicesApplication   : Started CarservicesApplication in 8.303 seconds (process running for 65659.16)
2026-02-24T13:39:50.944+04:00  INFO 55632 --- [carservices] [restartedMain] .ConditionEvaluationDeltaLoggingListener : Condition evaluation unchanged
2026-02-24T13:41:17.418+04:00  INFO 55632 --- [carservices] [File Watcher] rtingClassPathChangeChangedEventListener : Restarting due to 1 class path change (0 additions, 0 deletions, 1 modification)
2026-02-24T13:41:17.424+04:00  INFO 55632 --- [carservices] [Thread-54] o.s.b.w.e.tomcat.GracefulShutdown        : Commencing graceful shutdown. Waiting for active requests to complete
2026-02-24T13:41:17.441+04:00  INFO 55632 --- [carservices] [tomcat-shutdown] o.s.b.w.e.tomcat.GracefulShutdown        : Graceful shutdown complete
2026-02-24T13:41:17.448+04:00  INFO 55632 --- [carservices] [Thread-54] j.LocalContainerEntityManagerFactoryBean : Closing JPA EntityManagerFactory for persistence unit 'default'
2026-02-24T13:41:17.450+04:00  INFO 55632 --- [carservices] [Thread-54] com.zaxxer.hikari.HikariDataSource       : HikariPool-14 - Shutdown initiated...
2026-02-24T13:41:17.455+04:00  INFO 55632 --- [carservices] [Thread-54] com.zaxxer.hikari.HikariDataSource       : HikariPool-14 - Shutdown completed.
2026-02-24T13:41:17.642+04:00  INFO 55632 --- [carservices] [restartedMain] c.c.carservices.CarservicesApplication   : Starting CarservicesApplication using Java 21.0.7 with PID 55632 (C:\Grand BackUp\Sheikh-2\Private\Sheikhkashifiqbal\temp\Spare Parts Project\SpringBoot\car-dev-1\carservices\target\classes started by lenovo in C:\Grand BackUp\Sheikh-2\Private\Sheikhkashifiqbal\temp\Spare Parts Project\SpringBoot\car-dev-1\carservices)
2026-02-24T13:41:17.642+04:00  INFO 55632 --- [carservices] [restartedMain] c.c.carservices.CarservicesApplication   : No active profile set, falling back to 1 default profile: "default"
2026-02-24T13:41:18.775+04:00  INFO 55632 --- [carservices] [restartedMain] .s.d.r.c.RepositoryConfigurationDelegate : Bootstrapping Spring Data JPA repositories in DEFAULT mode.
2026-02-24T13:41:19.116+04:00  INFO 55632 --- [carservices] [restartedMain] .s.d.r.c.RepositoryConfigurationDelegate : Finished Spring Data repository scanning in 338 ms. Found 46 JPA repository interfaces.
2026-02-24T13:41:19.356+04:00  INFO 55632 --- [carservices] [restartedMain] o.s.b.w.embedded.tomcat.TomcatWebServer  : Tomcat initialized with port 8081 (http)
2026-02-24T13:41:19.356+04:00  INFO 55632 --- [carservices] [restartedMain] o.apache.catalina.core.StandardService   : Starting service [Tomcat]
2026-02-24T13:41:19.356+04:00  INFO 55632 --- [carservices] [restartedMain] o.apache.catalina.core.StandardEngine    : Starting Servlet engine: [Apache Tomcat/10.1.40]
2026-02-24T13:41:19.394+04:00  INFO 55632 --- [carservices] [restartedMain] o.a.c.c.C.[Tomcat-1].[localhost].[/]     : Initializing Spring embedded WebApplicationContext
2026-02-24T13:41:19.395+04:00  INFO 55632 --- [carservices] [restartedMain] w.s.c.ServletWebServerApplicationContext : Root WebApplicationContext: initialization completed in 1747 ms
2026-02-24T13:41:19.522+04:00  INFO 55632 --- [carservices] [restartedMain] o.hibernate.jpa.internal.util.LogHelper  : HHH000204: Processing PersistenceUnitInfo [name: default]
2026-02-24T13:41:19.529+04:00  INFO 55632 --- [carservices] [restartedMain] o.h.c.internal.RegionFactoryInitiator    : HHH000026: Second-level cache disabled
2026-02-24T13:41:19.563+04:00  INFO 55632 --- [carservices] [restartedMain] o.s.o.j.p.SpringPersistenceUnitInfo      : No LoadTimeWeaver setup: ignoring JPA class transformer
2026-02-24T13:41:19.565+04:00  INFO 55632 --- [carservices] [restartedMain] com.zaxxer.hikari.HikariDataSource       : HikariPool-15 - Starting...
2026-02-24T13:41:19.630+04:00  INFO 55632 --- [carservices] [restartedMain] com.zaxxer.hikari.pool.HikariPool        : HikariPool-15 - Added connection com.p6spy.engine.wrapper.ConnectionWrapper@378fb304
2026-02-24T13:41:19.630+04:00  INFO 55632 --- [carservices] [restartedMain] com.zaxxer.hikari.HikariDataSource       : HikariPool-15 - Start completed.
2026-02-24T13:41:19.636+04:00  WARN 55632 --- [carservices] [restartedMain] org.hibernate.orm.deprecation            : HHH90000025: PostgreSQLDialect does not need to be specified explicitly using 'hibernate.dialect' (remove the property setting and it will be selected by default)
2026-02-24T13:41:19.640+04:00  INFO 55632 --- [carservices] [restartedMain] org.hibernate.orm.connections.pooling    : HHH10001005: Database info:
	Database JDBC URL [Connecting through datasource 'HikariDataSource (HikariPool-15)']
	Database driver: undefined/unknown
	Database version: 17.5
	Autocommit mode: undefined/unknown
	Isolation level: undefined/unknown
	Minimum pool size: undefined/unknown
	Maximum pool size: undefined/unknown
2026-02-24T13:41:20.105+04:00  INFO 55632 --- [carservices] [restartedMain] o.h.e.t.j.p.i.JtaPlatformInitiator       : HHH000489: No JTA platform available (set 'hibernate.transaction.jta.platform' to enable JTA platform integration)
2026-02-24T13:41:20.115+04:00  INFO 55632 --- [carservices] [restartedMain] p6spy                                    : #1771926080115 | took 10ms | statement | connection 339| url jdbc:p6spy:postgresql://localhost:5433/testdb
select * from information_schema.sequences
select * from information_schema.sequences;
2026-02-24T13:41:20.148+04:00  INFO 55632 --- [carservices] [restartedMain] t.s.e.i.AbstractInformationExtractorImpl : HHH000475: Cannot locate column information using identifier [lower((manager_email)::text)]; ignoring index [ux_company_manager_email]
2026-02-24T13:41:20.234+04:00  INFO 55632 --- [carservices] [restartedMain] p6spy                                    : #1771926080234 | took 2ms | statement | connection 339| url jdbc:p6spy:postgresql://localhost:5433/testdb
select * from "public"."city" where 1=0
select * from "public"."city" where 1=0;
2026-02-24T13:41:20.249+04:00  INFO 55632 --- [carservices] [restartedMain] p6spy                                    : #1771926080249 | took 3ms | statement | connection 339| url jdbc:p6spy:postgresql://localhost:5433/testdb
select * from "public"."company" where 1=0
select * from "public"."company" where 1=0;
2026-02-24T13:41:20.334+04:00  INFO 55632 --- [carservices] [restartedMain] p6spy                                    : #1771926080334 | took 3ms | statement | connection 339| url jdbc:p6spy:postgresql://localhost:5433/testdb
select * from "public"."branch" where 1=0
select * from "public"."branch" where 1=0;
2026-02-24T13:41:20.341+04:00  INFO 55632 --- [carservices] [restartedMain] p6spy                                    : #1771926080341 | took 1ms | statement | connection 339| url jdbc:p6spy:postgresql://localhost:5433/testdb
select * from "public"."brand" where 1=0
select * from "public"."brand" where 1=0;
2026-02-24T13:41:20.347+04:00  INFO 55632 --- [carservices] [restartedMain] p6spy                                    : #1771926080347 | took 1ms | statement | connection 339| url jdbc:p6spy:postgresql://localhost:5433/testdb
select * from "public"."service_entity" where 1=0
select * from "public"."service_entity" where 1=0;
2026-02-24T13:41:20.414+04:00  INFO 55632 --- [carservices] [restartedMain] p6spy                                    : #1771926080414 | took 0ms | statement | connection 339| url jdbc:p6spy:postgresql://localhost:5433/testdb
select * from "public"."branch" where 1=0
select * from "public"."branch" where 1=0;
2026-02-24T13:41:20.416+04:00  INFO 55632 --- [carservices] [restartedMain] p6spy                                    : #1771926080416 | took 0ms | statement | connection 339| url jdbc:p6spy:postgresql://localhost:5433/testdb
select * from "public"."brand" where 1=0
select * from "public"."brand" where 1=0;
2026-02-24T13:41:20.421+04:00  INFO 55632 --- [carservices] [restartedMain] p6spy                                    : #1771926080421 | took 1ms | statement | connection 339| url jdbc:p6spy:postgresql://localhost:5433/testdb
select * from "public"."spare_parts" where 1=0
select * from "public"."spare_parts" where 1=0;
2026-02-24T13:41:20.488+04:00  INFO 55632 --- [carservices] [restartedMain] p6spy                                    : #1771926080488 | took 0ms | statement | connection 339| url jdbc:p6spy:postgresql://localhost:5433/testdb
select * from "public"."brand" where 1=0
select * from "public"."brand" where 1=0;
2026-02-24T13:41:20.558+04:00  INFO 55632 --- [carservices] [restartedMain] p6spy                                    : #1771926080558 | took 0ms | statement | connection 339| url jdbc:p6spy:postgresql://localhost:5433/testdb
select * from "public"."brand" where 1=0
select * from "public"."brand" where 1=0;
2026-02-24T13:41:20.562+04:00  INFO 55632 --- [carservices] [restartedMain] p6spy                                    : #1771926080562 | took 2ms | statement | connection 339| url jdbc:p6spy:postgresql://localhost:5433/testdb
select * from "public"."user_registration" where 1=0
select * from "public"."user_registration" where 1=0;
2026-02-24T13:41:20.622+04:00  INFO 55632 --- [carservices] [restartedMain] p6spy                                    : #1771926080622 | took 0ms | statement | connection 339| url jdbc:p6spy:postgresql://localhost:5433/testdb
select * from "public"."city" where 1=0
select * from "public"."city" where 1=0;
2026-02-24T13:41:20.622+04:00  INFO 55632 --- [carservices] [restartedMain] p6spy                                    : #1771926080622 | took 0ms | statement | connection 339| url jdbc:p6spy:postgresql://localhost:5433/testdb
select * from "public"."service_entity" where 1=0
select * from "public"."service_entity" where 1=0;
2026-02-24T13:41:20.695+04:00  INFO 55632 --- [carservices] [restartedMain] p6spy                                    : #1771926080695 | took 0ms | statement | connection 339| url jdbc:p6spy:postgresql://localhost:5433/testdb
select * from "public"."spare_parts" where 1=0
select * from "public"."spare_parts" where 1=0;
2026-02-24T13:41:20.762+04:00  INFO 55632 --- [carservices] [restartedMain] p6spy                                    : #1771926080762 | took 0ms | statement | connection 339| url jdbc:p6spy:postgresql://localhost:5433/testdb
select * from "public"."company" where 1=0
select * from "public"."company" where 1=0;
2026-02-24T13:41:20.837+04:00  INFO 55632 --- [carservices] [restartedMain] p6spy                                    : #1771926080837 | took 2ms | statement | connection 339| url jdbc:p6spy:postgresql://localhost:5433/testdb
select * from "public"."problem" where 1=0
select * from "public"."problem" where 1=0;
2026-02-24T13:41:20.898+04:00  INFO 55632 --- [carservices] [restartedMain] p6spy                                    : #1771926080898 | took 0ms | statement | connection 339| url jdbc:p6spy:postgresql://localhost:5433/testdb
select * from "public"."branch" where 1=0
select * from "public"."branch" where 1=0;
2026-02-24T13:41:20.898+04:00  INFO 55632 --- [carservices] [restartedMain] j.LocalContainerEntityManagerFactoryBean : Initialized JPA EntityManagerFactory for persistence unit 'default'
2026-02-24T13:41:22.094+04:00  WARN 55632 --- [carservices] [restartedMain] JpaBaseConfiguration$JpaWebConfiguration : spring.jpa.open-in-view is enabled by default. Therefore, database queries may be performed during view rendering. Explicitly configure spring.jpa.open-in-view to disable this warning
2026-02-24T13:41:22.337+04:00  INFO 55632 --- [carservices] [restartedMain] o.s.b.a.h2.H2ConsoleAutoConfiguration    : H2 console available at '/h2-console'. Database available at 'jdbc:postgresql://localhost:5433/testdb'
2026-02-24T13:41:22.377+04:00  INFO 55632 --- [carservices] [restartedMain] o.s.b.d.a.OptionalLiveReloadServer       : LiveReload server is running on port 35729
2026-02-24T13:41:22.402+04:00  INFO 55632 --- [carservices] [restartedMain] o.s.b.w.embedded.tomcat.TomcatWebServer  : Tomcat started on port 8081 (http) with context path '/'
2026-02-24T13:41:22.406+04:00  INFO 55632 --- [carservices] [restartedMain] c.c.carservices.CarservicesApplication   : Started CarservicesApplication in 4.831 seconds (process running for 65750.625)
2026-02-24T13:41:22.409+04:00  INFO 55632 --- [carservices] [restartedMain] .ConditionEvaluationDeltaLoggingListener : Condition evaluation unchanged
2026-02-24T13:41:33.755+04:00  INFO 55632 --- [carservices] [File Watcher] rtingClassPathChangeChangedEventListener : Restarting due to 1 class path change (0 additions, 0 deletions, 1 modification)
2026-02-24T13:41:33.758+04:00  INFO 55632 --- [carservices] [Thread-58] o.s.b.w.e.tomcat.GracefulShutdown        : Commencing graceful shutdown. Waiting for active requests to complete
2026-02-24T13:41:33.766+04:00  INFO 55632 --- [carservices] [tomcat-shutdown] o.s.b.w.e.tomcat.GracefulShutdown        : Graceful shutdown complete
2026-02-24T13:41:33.768+04:00  INFO 55632 --- [carservices] [Thread-58] j.LocalContainerEntityManagerFactoryBean : Closing JPA EntityManagerFactory for persistence unit 'default'
2026-02-24T13:41:33.773+04:00  INFO 55632 --- [carservices] [Thread-58] com.zaxxer.hikari.HikariDataSource       : HikariPool-15 - Shutdown initiated...
2026-02-24T13:41:33.777+04:00  INFO 55632 --- [carservices] [Thread-58] com.zaxxer.hikari.HikariDataSource       : HikariPool-15 - Shutdown completed.
2026-02-24T13:41:33.948+04:00  INFO 55632 --- [carservices] [restartedMain] c.c.carservices.CarservicesApplication   : Starting CarservicesApplication using Java 21.0.7 with PID 55632 (C:\Grand BackUp\Sheikh-2\Private\Sheikhkashifiqbal\temp\Spare Parts Project\SpringBoot\car-dev-1\carservices\target\classes started by lenovo in C:\Grand BackUp\Sheikh-2\Private\Sheikhkashifiqbal\temp\Spare Parts Project\SpringBoot\car-dev-1\carservices)
2026-02-24T13:41:33.950+04:00  INFO 55632 --- [carservices] [restartedMain] c.c.carservices.CarservicesApplication   : No active profile set, falling back to 1 default profile: "default"
